2026-05-14T06:21:54.684Z | Applied: Gray Scale | Category: Monochrome
2026-05-14T06:21:57.612Z | Applied: Silver Chrome | Category: Monochrome
2026-05-14T06:22:13.530Z | Applied: Cyber Punk | Category: Neon
2026-05-14T06:22:14.322Z | Applied: Neon Nights | Category: Neon
2026-05-14T06:22:14.486Z | Applied: Neon Nights | Category: Neon
2026-05-14T06:22:14.487Z | Applied: Neon Nights | Category: Neon
2026-05-14T06:22:14.911Z | Applied: Toxic Waste | Category: Neon
2026-05-14T06:22:15.402Z | Applied: Matrix Code | Category: Neon
2026-05-14T06:22:16.032Z | Applied: Cyber Punk | Category: Neon
2026-05-14T06:22:16.240Z | Applied: Cyber Punk | Category: Neon
2026-05-14T06:22:16.340Z | Applied: Cyber Punk | Category: Neon
2026-05-14T06:22:17.788Z | Applied: Spring Meadow | Category: Nature
2026-05-14T06:22:18.461Z | Applied: Autumn Leaves | Category: Nature
2026-05-14T06:22:19.123Z | Applied: Autumn Leaves | Category: Nature
2026-05-14T06:22:19.818Z | Applied: Sage Garden | Category: Nature
2026-05-14T06:22:20.388Z | Applied: Coffee Break | Category: Nature
2026-05-14T06:22:21.219Z | Applied: Spring Meadow | Category: Nature
2026-05-14T06:22:21.533Z | Applied: Neon Nights | Category: Neon
2026-05-14T06:22:21.716Z | Applied: Neon Dream | Category: Neon
2026-05-14T06:22:21.819Z | Applied: Toxic Waste | Category: Neon
2026-05-14T06:22:21.954Z | Applied: Matrix Code | Category: Neon
2026-05-14T06:22:22.114Z | Applied: Glacier Blue | Category: Minimal
2026-05-14T06:22:22.255Z | Applied: Arctic Frost | Category: Minimal
2026-05-14T06:22:31.898Z | Applied: Glacier Blue | Category: Minimal
2026-05-14T06:22:35.369Z | Applied: Sage Garden | Category: Nature
2026-05-14T06:22:37.804Z | Applied: Monochrome Elegance | Category: Monochrome
2026-05-14T18:59:45.601Z | Applied: Ocean Deep | Category: Ocean
2026-05-14T18:59:48.746Z | Applied: Glacier Blue | Category: Minimal
2026-05-14T18:59:49.627Z | Applied: Arctic Frost | Category: Minimal
